<?xml version="1.0" encoding="UTF-8" ?>
<testsuite tests="6" failures="0" name="com.tjh.dao.UserMapperTest" time="6.474" errors="0" skipped="0">
  <properties>
[...]
</properties>
  <testcase classname="com.tjh.dao.UserMapperTest" name="addUser2" time="6.306"/>
  <testcase classname="com.tjh.dao.UserMapperTest" name="addUser" time="0.087"/>
  <testcase classname="com.tjh.dao.UserMapperTest" name="updateUser" time="0.009"/>
  <testcase classname="com.tjh.dao.UserMapperTest" name="test" time="0.066"/>
  <testcase classname="com.tjh.dao.UserMapperTest" name="deleteUser" time="0.002"/>
  <testcase classname="com.tjh.dao.UserMapperTest" name="getUserById" time="0.004"/>
</testsuite>